# JRE version: Java(TM) SE Runtime Environment (13.0.1+9) (build 13.0.1+9)
# Java VM: Java HotSpot(TM) 64-Bit Server VM (13.0.1+9, mixed mode, sharing, tiered, compressed oops, g1 gc, linux-amd64)
Heap:
 garbage-first heap   total 512000K, used 19021K [0x0000000085800000, 0x0000000100000000)
  region size 1024K, 1 young (1024K), 1 survivors (1024K)
 Metaspace       used 36590K, capacity 37626K, committed 37936K, reserved 1081344K
  class space    used 4721K, capacity 5140K, committed 5248K, reserved 1048576K
GC Heap History (20 events):
Event: 34,749 GC heap after
{Heap after GC invocations=13 (full 0):
 garbage-first heap   total 73728K, used 19145K [0x0000000085800000, 0x0000000100000000)
  region size 1024K, 1 young (1024K), 1 survivors (1024K)
 Metaspace       used 36576K, capacity 37625K, committed 37936K, reserved 1081344K
  class space    used 4721K, capacity 5140K, committed 5248K, reserved 1048576K
}
Event: 45,485 GC heap before
{Heap before GC invocations=13 (full 0):
 garbage-first heap   total 73728K, used 50889K [0x0000000085800000, 0x0000000100000000)
  region size 1024K, 32 young (32768K), 1 survivors (1024K)
 Metaspace       used 36583K, capacity 37625K, committed 37936K, reserved 1081344K
  class space    used 4721K, capacity 5140K, committed 5248K, reserved 1048576K
}
Event: 45,549 GC heap after
{Heap after GC invocations=14 (full 0):
 garbage-first heap   total 73728K, used 19066K [0x0000000085800000, 0x0000000100000000)
  region size 1024K, 1 young (1024K), 1 survivors (1024K)
 Metaspace       used 36583K, capacity 37625K, committed 37936K, reserved 1081344K
  class space    used 4721K, capacity 5140K, committed 5248K, reserved 1048576K
}
Event: 55,528 GC heap before
{Heap before GC invocations=14 (full 0):
 garbage-first heap   total 73728K, used 51834K [0x0000000085800000, 0x0000000100000000)
  region size 1024K, 33 young (33792K), 1 survivors (1024K)
 Metaspace       used 36588K, capacity 37625K, committed 37936K, reserved 1081344K
  class space    used 4721K, capacity 5140K, committed 5248K, reserved 1048576K
}
Event: 55,666 GC heap after
{Heap after GC invocations=15 (full 0):
 garbage-first heap   total 105472K, used 19087K [0x0000000085800000, 0x0000000100000000)
  region size 1024K, 1 young (1024K), 1 survivors (1024K)
 Metaspace       used 36588K, capacity 37625K, committed 37936K, reserved 1081344K
  class space    used 4721K, capacity 5140K, committed 5248K, reserved 1048576K
}
Event: 67,105 GC heap before
{Heap before GC invocations=15 (full 0):
 garbage-first heap   total 105472K, used 64143K [0x0000000085800000, 0x0000000100000000)
  region size 1024K, 45 young (46080K), 1 survivors (1024K)
 Metaspace       used 36590K, capacity 37626K, committed 37936K, reserved 1081344K
  class space    used 4721K, capacity 5140K, committed 5248K, reserved 1048576K
}
Event: 69,054 GC heap after
{Heap after GC invocations=16 (full 0):
 garbage-first heap   total 105472K, used 19085K [0x0000000085800000, 0x0000000100000000)
  region size 1024K, 1 young (1024K), 1 survivors (1024K)
 Metaspace       used 36590K, capacity 37626K, committed 37936K, reserved 1081344K
  class space    used 4721K, capacity 5140K, committed 5248K, reserved 1048576K
}
Event: 70,145 GC heap before
{Heap before GC invocations=16 (full 0):
 garbage-first heap   total 105472K, used 23181K [0x0000000085800000, 0x0000000100000000)
  region size 1024K, 5 young (5120K), 1 survivors (1024K)
 Metaspace       used 36590K, capacity 37626K, committed 37936K, reserved 1081344K
  class space    used 4721K, capacity 5140K, committed 5248K, reserved 1048576K
}
Event: 71,563 GC heap after
{Heap after GC invocations=17 (full 0):
 garbage-first heap   total 105472K, used 19083K [0x0000000085800000, 0x0000000100000000)
  region size 1024K, 1 young (1024K), 1 survivors (1024K)
 Metaspace       used 36590K, capacity 37626K, committed 37936K, reserved 1081344K
  class space    used 4721K, capacity 5140K, committed 5248K, reserved 1048576K
}
Event: 73,736 GC heap before
{Heap before GC invocations=17 (full 0):
 garbage-first heap   total 105472K, used 22155K [0x0000000085800000, 0x0000000100000000)
  region size 1024K, 5 young (5120K), 1 survivors (1024K)
 Metaspace       used 36590K, capacity 37626K, committed 37936K, reserved 1081344K
  class space    used 4721K, capacity 5140K, committed 5248K, reserved 1048576K
}
Event: 75,479 GC heap after
{Heap after GC invocations=18 (full 0):
 garbage-first heap   total 105472K, used 19094K [0x0000000085800000, 0x0000000100000000)
  region size 1024K, 1 young (1024K), 1 survivors (1024K)
 Metaspace       used 36590K, capacity 37626K, committed 37936K, reserved 1081344K
  class space    used 4721K, capacity 5140K, committed 5248K, reserved 1048576K
}
Event: 80,469 GC heap before
{Heap before GC invocations=18 (full 0):
 garbage-first heap   total 105472K, used 22166K [0x0000000085800000, 0x0000000100000000)
  region size 1024K, 5 young (5120K), 1 survivors (1024K)
 Metaspace       used 36590K, capacity 37626K, committed 37936K, reserved 1081344K
  class space    used 4721K, capacity 5140K, committed 5248K, reserved 1048576K
}
Event: 84,798 GC heap after
{Heap after GC invocations=19 (full 0):
 garbage-first heap   total 223232K, used 19058K [0x0000000085800000, 0x0000000100000000)
  region size 1024K, 1 young (1024K), 1 survivors (1024K)
 Metaspace       used 36590K, capacity 37626K, committed 37936K, reserved 1081344K
  class space    used 4721K, capacity 5140K, committed 5248K, reserved 1048576K
}
Event: 86,962 GC heap before
{Heap before GC invocations=19 (full 0):
 garbage-first heap   total 223232K, used 27250K [0x0000000085800000, 0x0000000100000000)
  region size 1024K, 10 young (10240K), 1 survivors (1024K)
 Metaspace       used 36590K, capacity 37626K, committed 37936K, reserved 1081344K
  class space    used 4721K, capacity 5140K, committed 5248K, reserved 1048576K
}
Event: 87,786 GC heap after
{Heap after GC invocations=20 (full 0):
 garbage-first heap   total 223232K, used 19089K [0x0000000085800000, 0x0000000100000000)
  region size 1024K, 1 young (1024K), 1 survivors (1024K)
 Metaspace       used 36590K, capacity 37626K, committed 37936K, reserved 1081344K
  class space    used 4721K, capacity 5140K, committed 5248K, reserved 1048576K
}
Event: 93,250 GC heap before
{Heap before GC invocations=20 (full 0):
 garbage-first heap   total 223232K, used 27281K [0x0000000085800000, 0x0000000100000000)
  region size 1024K, 10 young (10240K), 1 survivors (1024K)
 Metaspace       used 36590K, capacity 37626K, committed 37936K, reserved 1081344K
  class space    used 4721K, capacity 5140K, committed 5248K, reserved 1048576K
}
Event: 96,269 GC heap after
{Heap after GC invocations=21 (full 0):
 garbage-first heap   total 223232K, used 19047K [0x0000000085800000, 0x0000000100000000)
  region size 1024K, 1 young (1024K), 1 survivors (1024K)
 Metaspace       used 36590K, capacity 37626K, committed 37936K, reserved 1081344K
  class space    used 4721K, capacity 5140K, committed 5248K, reserved 1048576K
}
Event: 98,717 GC heap before
{Heap before GC invocations=21 (full 0):
 garbage-first heap   total 223232K, used 28263K [0x0000000085800000, 0x0000000100000000)
  region size 1024K, 10 young (10240K), 1 survivors (1024K)
 Metaspace       used 36590K, capacity 37626K, committed 37936K, reserved 1081344K
  class space    used 4721K, capacity 5140K, committed 5248K, reserved 1048576K
}
Event: 100,356 GC heap after
{Heap after GC invocations=22 (full 0):
 garbage-first heap   total 223232K, used 19021K [0x0000000085800000, 0x0000000100000000)
  region size 1024K, 1 young (1024K), 1 survivors (1024K)
 Metaspace       used 36590K, capacity 37626K, committed 37936K, reserved 1081344K
  class space    used 4721K, capacity 5140K, committed 5248K, reserved 1048576K
}
Event: 104,776 GC heap before
{Heap before GC invocations=22 (full 0):
 garbage-first heap   total 223232K, used 27213K [0x0000000085800000, 0x0000000100000000)
  region size 1024K, 10 young (10240K), 1 survivors (1024K)
 Metaspace       used 36590K, capacity 37626K, committed 37936K, reserved 1081344K
  class space    used 4721K, capacity 5140K, committed 5248K, reserved 1048576K
}

